########################################
# Deidentification Tool log            #
# Wed Oct 30 23:29:41 EDT 2013         #
########################################
Unpacking 1 win tools to C:\Temp\dit_tools
1 tools were already in place
Deidentification tool GUI initialized
LoadImagesPanel initialized
>>> Advanced to LoadImagesPanel
Added 1 input images
LoadDemoPanel initialized
>>> Advanced to LoadDemoPanel
MatchDataPanel initialized
>>> Advanced to MatchDataPanel
User selected "Fake Demographic File ID" as the ID column
DeIdentifyPanel initialized
>>> Advanced to DeIdentifyPanel
DeidentifyProgressPanel initialized
>>> Advanced to DeidentifyProgressPanel
Randomized file IDs
Defaced images
Created anonymized demographic file
Exiting
Temp files deleted
